p/1666936811790.jpg 1 0 0 71 71
p/1666936803478.jpg 1 0 0 88 88
p/1666936792115.jpg 1 0 0 69 69
p/1666936788257.jpg 1 0 0 68 68
p/1666936777404.jpg 1 0 0 67 67
p/1666936766412.jpg 1 0 0 67 67
p/1666936759420.jpg 1 0 0 65 65
p/1666936754081.jpg 1 0 0 61 61
p/1666936750614.jpg 1 0 0 63 63
p/1666936744504.jpg 1 0 0 60 60
p/1666936732948.jpg 1 0 0 57 57
p/1666936724420.jpg 1 0 0 65 65
p/1666936719140.jpg 1 0 0 56 56
p/1666936704383.jpg 1 0 0 78 78
p/1666936698350.jpg 1 0 0 61 61
p/1666936693948.jpg 1 0 0 73 73
p/1666936684590.jpg 1 0 0 55 55
p/1666936676905.jpg 1 0 0 59 59
p/1666936670039.jpg 1 0 0 60 60
p/1666936664300.jpg 1 0 0 65 65